[09-May-2018 13:11:41] NOTICE: fpm is running, pid 14
[09-May-2018 13:11:41] NOTICE: ready to handle connections
[10-May-2018 07:46:16] NOTICE: fpm is running, pid 8
[10-May-2018 07:46:16] NOTICE: ready to handle connections
[10-May-2018 09:59:43] NOTICE: fpm is running, pid 8
[10-May-2018 09:59:43] NOTICE: ready to handle connections
[10-May-2018 12:25:30] NOTICE: fpm is running, pid 8
[10-May-2018 12:25:30] NOTICE: ready to handle connections
[10-May-2018 14:31:27] NOTICE: fpm is running, pid 8
[10-May-2018 14:31:27] NOTICE: ready to handle connections
[10-May-2018 16:11:58] NOTICE: fpm is running, pid 8
[10-May-2018 16:11:58] NOTICE: ready to handle connections
[11-May-2018 07:04:24] NOTICE: fpm is running, pid 8
[11-May-2018 07:04:24] NOTICE: ready to handle connections
[11-May-2018 12:29:31] NOTICE: fpm is running, pid 8
[11-May-2018 12:29:31] NOTICE: ready to handle connections
[11-May-2018 14:37:13] NOTICE: fpm is running, pid 8
[11-May-2018 14:37:13] NOTICE: ready to handle connections
[14-May-2018 08:54:57] NOTICE: fpm is running, pid 8
[14-May-2018 08:54:57] NOTICE: ready to handle connections
[14-May-2018 12:21:12] NOTICE: fpm is running, pid 8
[14-May-2018 12:21:12] NOTICE: ready to handle connections
[15-May-2018 07:42:41] NOTICE: fpm is running, pid 8
[15-May-2018 07:42:41] NOTICE: ready to handle connections
[15-May-2018 09:07:19] NOTICE: Terminating ...
[15-May-2018 09:07:19] NOTICE: exiting, bye-bye!
[15-May-2018 09:07:26] NOTICE: fpm is running, pid 34
[15-May-2018 09:07:26] NOTICE: ready to handle connections
[15-May-2018 12:48:48] NOTICE: fpm is running, pid 8
[15-May-2018 12:48:48] NOTICE: ready to handle connections
[15-May-2018 12:58:51] WARNING: [pool www] server reached pm.max_children setting (5), consider raising it
[16-May-2018 06:28:19] NOTICE: fpm is running, pid 8
[16-May-2018 06:28:19] NOTICE: ready to handle connections
[16-May-2018 09:12:05] NOTICE: fpm is running, pid 8
[16-May-2018 09:12:05] NOTICE: ready to handle connections
[16-May-2018 10:16:06] NOTICE: fpm is running, pid 8
[16-May-2018 10:16:06] NOTICE: ready to handle connections
[16-May-2018 12:20:06] NOTICE: fpm is running, pid 8
[16-May-2018 12:20:06] NOTICE: ready to handle connections
[16-May-2018 16:19:06] NOTICE: Terminating ...
[16-May-2018 16:19:06] NOTICE: exiting, bye-bye!
[16-May-2018 16:19:14] NOTICE: fpm is running, pid 34
[16-May-2018 16:19:14] NOTICE: ready to handle connections
[16-May-2018 16:19:21] WARNING: [pool www] server reached pm.max_children setting (5), consider raising it
[17-May-2018 07:12:56] NOTICE: fpm is running, pid 8
[17-May-2018 07:12:56] NOTICE: ready to handle connections
[17-May-2018 07:15:31] WARNING: [pool www] server reached pm.max_children setting (5), consider raising it
[17-May-2018 12:32:38] NOTICE: fpm is running, pid 8
[17-May-2018 12:32:38] NOTICE: ready to handle connections
[18-May-2018 07:42:37] NOTICE: fpm is running, pid 8
[18-May-2018 07:42:37] NOTICE: ready to handle connections
[18-May-2018 13:13:02] NOTICE: fpm is running, pid 8
[18-May-2018 13:13:02] NOTICE: ready to handle connections
[22-May-2018 07:17:08] NOTICE: fpm is running, pid 8
[22-May-2018 07:17:08] NOTICE: ready to handle connections
[22-May-2018 12:25:52] NOTICE: fpm is running, pid 8
[22-May-2018 12:25:52] NOTICE: ready to handle connections
[22-May-2018 14:48:38] NOTICE: fpm is running, pid 24
[22-May-2018 14:48:38] NOTICE: ready to handle connections
[22-May-2018 14:48:49] NOTICE: Terminating ...
[22-May-2018 14:48:49] NOTICE: exiting, bye-bye!
[22-May-2018 14:48:54] NOTICE: fpm is running, pid 30
[22-May-2018 14:48:54] NOTICE: ready to handle connections
[22-May-2018 16:33:16] NOTICE: fpm is running, pid 8
[22-May-2018 16:33:16] NOTICE: ready to handle connections
[23-May-2018 07:29:32] NOTICE: fpm is running, pid 8
[23-May-2018 07:29:32] NOTICE: ready to handle connections
[23-May-2018 08:37:55] NOTICE: Terminating ...
[23-May-2018 08:37:55] NOTICE: exiting, bye-bye!
[23-May-2018 08:38:05] NOTICE: fpm is running, pid 8
[23-May-2018 08:38:05] NOTICE: ready to handle connections
[23-May-2018 12:34:13] NOTICE: fpm is running, pid 8
[23-May-2018 12:34:13] NOTICE: ready to handle connections
[23-May-2018 12:35:14] WARNING: [pool www] server reached pm.max_children setting (5), consider raising it
[23-May-2018 14:47:52] NOTICE: Terminating ...
[23-May-2018 14:47:52] NOTICE: exiting, bye-bye!
[23-May-2018 14:48:02] NOTICE: fpm is running, pid 39
[23-May-2018 14:48:02] NOTICE: ready to handle connections
[24-May-2018 07:12:41] NOTICE: fpm is running, pid 8
[24-May-2018 07:12:41] NOTICE: ready to handle connections
[24-May-2018 07:42:47] WARNING: [pool www] server reached pm.max_children setting (5), consider raising it
[24-May-2018 12:38:47] NOTICE: fpm is running, pid 8
[24-May-2018 12:38:47] NOTICE: ready to handle connections
[25-May-2018 07:04:35] NOTICE: fpm is running, pid 8
[25-May-2018 07:04:35] NOTICE: ready to handle connections
[25-May-2018 08:41:22] NOTICE: fpm is running, pid 8
[25-May-2018 08:41:22] NOTICE: ready to handle connections
[25-May-2018 12:45:55] NOTICE: fpm is running, pid 8
[25-May-2018 12:45:55] NOTICE: ready to handle connections
[28-May-2018 07:12:55] NOTICE: fpm is running, pid 8
[28-May-2018 07:12:55] NOTICE: ready to handle connections
[28-May-2018 07:59:16] NOTICE: Terminating ...
[28-May-2018 07:59:16] NOTICE: exiting, bye-bye!
[28-May-2018 07:59:21] NOTICE: fpm is running, pid 30
[28-May-2018 07:59:21] NOTICE: ready to handle connections
[28-May-2018 10:50:44] WARNING: [pool www] server reached pm.max_children setting (5), consider raising it
[28-May-2018 12:39:08] NOTICE: fpm is running, pid 8
[28-May-2018 12:39:08] NOTICE: ready to handle connections
[28-May-2018 13:00:49] WARNING: [pool www] server reached pm.max_children setting (5), consider raising it
[28-May-2018 13:02:35] WARNING: [pool www] server reached pm.max_children setting (5), consider raising it
[29-May-2018 07:23:12] NOTICE: fpm is running, pid 12
[29-May-2018 07:23:12] NOTICE: ready to handle connections
[29-May-2018 09:40:02] NOTICE: fpm is running, pid 8
[29-May-2018 09:40:02] NOTICE: ready to handle connections
[29-May-2018 12:23:09] NOTICE: fpm is running, pid 8
[29-May-2018 12:23:09] NOTICE: ready to handle connections
[30-May-2018 07:25:28] NOTICE: fpm is running, pid 8
[30-May-2018 07:25:28] NOTICE: ready to handle connections
[30-May-2018 07:25:45] NOTICE: Terminating ...
[30-May-2018 07:25:45] NOTICE: exiting, bye-bye!
[30-May-2018 07:25:50] NOTICE: fpm is running, pid 29
[30-May-2018 07:25:50] NOTICE: ready to handle connections
[30-May-2018 09:52:08] NOTICE: fpm is running, pid 8
[30-May-2018 09:52:08] NOTICE: ready to handle connections
[30-May-2018 12:23:24] NOTICE: fpm is running, pid 8
[30-May-2018 12:23:24] NOTICE: ready to handle connections
[30-May-2018 12:24:19] NOTICE: Terminating ...
[30-May-2018 12:24:19] NOTICE: exiting, bye-bye!
[30-May-2018 12:24:38] NOTICE: fpm is running, pid 71
[30-May-2018 12:24:38] NOTICE: ready to handle connections
[31-May-2018 07:20:30] NOTICE: fpm is running, pid 8
[31-May-2018 07:20:30] NOTICE: ready to handle connections
[31-May-2018 12:26:38] NOTICE: fpm is running, pid 8
[31-May-2018 12:26:38] NOTICE: ready to handle connections
[01-Jun-2018 08:30:09] NOTICE: fpm is running, pid 8
[01-Jun-2018 08:30:09] NOTICE: ready to handle connections
[01-Jun-2018 09:40:13] WARNING: [pool www] server reached pm.max_children setting (5), consider raising it
[01-Jun-2018 12:32:08] NOTICE: fpm is running, pid 8
[01-Jun-2018 12:32:08] NOTICE: ready to handle connections
[01-Jun-2018 14:33:13] NOTICE: fpm is running, pid 8
[01-Jun-2018 14:33:13] NOTICE: ready to handle connections
[01-Jun-2018 16:21:21] WARNING: [pool www] server reached pm.max_children setting (5), consider raising it
[04-Jun-2018 07:30:12] NOTICE: fpm is running, pid 8
[04-Jun-2018 07:30:12] NOTICE: ready to handle connections
[04-Jun-2018 07:33:10] WARNING: [pool www] server reached pm.max_children setting (5), consider raising it
[04-Jun-2018 07:49:17] WARNING: [pool www] server reached pm.max_children setting (5), consider raising it
[04-Jun-2018 11:36:10] NOTICE: fpm is running, pid 8
[04-Jun-2018 11:36:10] NOTICE: ready to handle connections
[05-Jun-2018 09:14:54] NOTICE: fpm is running, pid 8
[05-Jun-2018 09:14:54] NOTICE: ready to handle connections
[05-Jun-2018 09:56:13] NOTICE: fpm is running, pid 8
[05-Jun-2018 09:56:13] NOTICE: ready to handle connections
[05-Jun-2018 12:21:03] NOTICE: fpm is running, pid 8
[05-Jun-2018 12:21:03] NOTICE: ready to handle connections
[05-Jun-2018 13:47:52] NOTICE: fpm is running, pid 8
[05-Jun-2018 13:47:52] NOTICE: ready to handle connections
[05-Jun-2018 16:10:53] NOTICE: fpm is running, pid 8
[05-Jun-2018 16:10:53] NOTICE: ready to handle connections
[06-Jun-2018 07:46:54] NOTICE: fpm is running, pid 8
[06-Jun-2018 07:46:54] NOTICE: ready to handle connections
[06-Jun-2018 08:04:04] NOTICE: fpm is running, pid 8
[06-Jun-2018 08:04:04] NOTICE: ready to handle connections
[06-Jun-2018 09:09:47] NOTICE: fpm is running, pid 8
[06-Jun-2018 09:09:47] NOTICE: ready to handle connections
[06-Jun-2018 09:11:46] WARNING: [pool www] server reached pm.max_children setting (5), consider raising it
[06-Jun-2018 09:12:08] WARNING: [pool www] server reached pm.max_children setting (5), consider raising it
[06-Jun-2018 10:45:46] WARNING: [pool www] server reached pm.max_children setting (5), consider raising it
[06-Jun-2018 11:01:17] NOTICE: fpm is running, pid 8
[06-Jun-2018 11:01:17] NOTICE: ready to handle connections
[06-Jun-2018 12:29:40] NOTICE: fpm is running, pid 8
[06-Jun-2018 12:29:40] NOTICE: ready to handle connections
[06-Jun-2018 13:37:42] WARNING: [pool www] server reached pm.max_children setting (5), consider raising it
[06-Jun-2018 13:47:02] WARNING: [pool www] server reached pm.max_children setting (5), consider raising it
[06-Jun-2018 13:47:35] WARNING: [pool www] server reached pm.max_children setting (5), consider raising it
[06-Jun-2018 13:48:14] WARNING: [pool www] server reached pm.max_children setting (5), consider raising it
[06-Jun-2018 14:28:59] WARNING: [pool www] server reached pm.max_children setting (5), consider raising it
[06-Jun-2018 14:50:28] WARNING: [pool www] server reached pm.max_children setting (5), consider raising it
[06-Jun-2018 14:53:38] WARNING: [pool www] server reached pm.max_children setting (5), consider raising it
[06-Jun-2018 14:54:34] WARNING: [pool www] server reached pm.max_children setting (5), consider raising it
[06-Jun-2018 15:36:05] WARNING: [pool www] server reached pm.max_children setting (5), consider raising it
[06-Jun-2018 16:52:33] WARNING: [pool www] server reached pm.max_children setting (5), consider raising it
[06-Jun-2018 16:54:32] WARNING: [pool www] server reached pm.max_children setting (5), consider raising it
[06-Jun-2018 16:59:45] NOTICE: fpm is running, pid 8
[06-Jun-2018 16:59:45] NOTICE: ready to handle connections
[07-Jun-2018 07:27:39] NOTICE: fpm is running, pid 8
[07-Jun-2018 07:27:39] NOTICE: ready to handle connections
[07-Jun-2018 07:47:45] WARNING: [pool www] server reached pm.max_children setting (5), consider raising it
[07-Jun-2018 12:08:31] NOTICE: fpm is running, pid 8
[07-Jun-2018 12:08:31] NOTICE: ready to handle connections
[07-Jun-2018 12:38:02] NOTICE: fpm is running, pid 8
[07-Jun-2018 12:38:04] NOTICE: ready to handle connections
[07-Jun-2018 12:39:08] NOTICE: fpm is running, pid 34
[07-Jun-2018 12:39:08] NOTICE: ready to handle connections
[07-Jun-2018 12:40:16] WARNING: [pool www] server reached pm.max_children setting (5), consider raising it
[08-Jun-2018 07:36:19] NOTICE: fpm is running, pid 8
[08-Jun-2018 07:36:19] NOTICE: ready to handle connections
[08-Jun-2018 07:37:55] WARNING: [pool www] server reached pm.max_children setting (5), consider raising it
[08-Jun-2018 09:35:44] NOTICE: fpm is running, pid 8
[08-Jun-2018 09:35:44] NOTICE: ready to handle connections
[08-Jun-2018 09:47:11] NOTICE: fpm is running, pid 8
[08-Jun-2018 09:47:11] NOTICE: ready to handle connections
[08-Jun-2018 15:02:52] NOTICE: fpm is running, pid 8
[08-Jun-2018 15:02:52] NOTICE: ready to handle connections
